{"C:\\Users\\DMI\\Downloads\\student-api Origin\\app.js": {"path":"C:\\Users\\DMI\\Downloads\\student-api Origin\\app.js","statementMap":{"0":{"start":{"line":1,"column":0},"end":{"line":1,"column":27}},"1":{"start":{"line":3,"column":16},"end":{"line":3,"column":34}},"2":{"start":{"line":4,"column":15},"end":{"line":4,"column":32}},"3":{"start":{"line":5,"column":13},"end":{"line":5,"column":28}},"4":{"start":{"line":6,"column":15},"end":{"line":6,"column":32}},"5":{"start":{"line":7,"column":24},"end":{"line":7,"column":50}},"6":{"start":{"line":8,"column":15},"end":{"line":8,"column":34}},"7":{"start":{"line":9,"column":13},"end":{"line":9,"column":35}},"8":{"start":{"line":10,"column":13},"end":{"line":10,"column":28}},"9":{"start":{"line":11,"column":39},"end":{"line":11,"column":76}},"10":{"start":{"line":14,"column":12},"end":{"line":14,"column":21}},"11":{"start":{"line":18,"column":26},"end":{"line":18,"column":50}},"12":{"start":{"line":19,"column":2},"end":{"line":29,"column":3}},"13":{"start":{"line":23,"column":4},"end":{"line":28,"column":7}},"14":{"start":{"line":30,"column":2},"end":{"line":30,"column":9}},"15":{"start":{"line":35,"column":0},"end":{"line":35,"column":18}},"16":{"start":{"line":36,"column":0},"end":{"line":41,"column":2}},"17":{"start":{"line":42,"column":0},"end":{"line":42,"column":23}},"18":{"start":{"line":43,"column":0},"end":{"line":43,"column":41}},"19":{"start":{"line":44,"column":0},"end":{"line":44,"column":21}},"20":{"start":{"line":47,"column":0},"end":{"line":54,"column":2}},"21":{"start":{"line":58,"column":0},"end":{"line":60,"column":3}},"22":{"start":{"line":59,"column":2},"end":{"line":59,"column":63}},"23":{"start":{"line":62,"column":17},"end":{"line":62,"column":33}},"24":{"start":{"line":64,"column":0},"end":{"line":105,"column":2}},"25":{"start":{"line":69,"column":22},"end":{"line":69,"column":31}},"26":{"start":{"line":70,"column":36},"end":{"line":70,"column":50}},"27":{"start":{"line":71,"column":29},"end":{"line":71,"column":37}},"28":{"start":{"line":73,"column":20},"end":{"line":73,"column":44}},"29":{"start":{"line":74,"column":21},"end":{"line":74,"column":61}},"30":{"start":{"line":75,"column":19},"end":{"line":75,"column":21}},"31":{"start":{"line":77,"column":4},"end":{"line":81,"column":5}},"32":{"start":{"line":78,"column":6},"end":{"line":78,"column":38}},"33":{"start":{"line":79,"column":6},"end":{"line":79,"column":39}},"34":{"start":{"line":80,"column":6},"end":{"line":80,"column":25}},"35":{"start":{"line":85,"column":4},"end":{"line":85,"column":64}},"36":{"start":{"line":87,"column":4},"end":{"line":103,"column":5}},"37":{"start":{"line":88,"column":21},"end":{"line":88,"column":76}},"38":{"start":{"line":89,"column":28},"end":{"line":89,"column":64}},"39":{"start":{"line":91,"column":6},"end":{"line":100,"column":9}},"40":{"start":{"line":102,"column":6},"end":{"line":102,"column":16}},"41":{"start":{"line":109,"column":0},"end":{"line":109,"column":29}},"42":{"start":{"line":112,"column":17},"end":{"line":112,"column":33}},"43":{"start":{"line":114,"column":0},"end":{"line":122,"column":3}},"44":{"start":{"line":115,"column":2},"end":{"line":121,"column":3}},"45":{"start":{"line":116,"column":19},"end":{"line":116,"column":61}},"46":{"start":{"line":118,"column":4},"end":{"line":118,"column":62}},"47":{"start":{"line":120,"column":4},"end":{"line":120,"column":14}},"48":{"start":{"line":124,"column":0},"end":{"line":124,"column":29}},"49":{"start":{"line":127,"column":0},"end":{"line":143,"column":3}},"50":{"start":{"line":128,"column":2},"end":{"line":142,"column":3}},"51":{"start":{"line":129,"column":19},"end":{"line":131,"column":6}},"52":{"start":{"line":133,"column":4},"end":{"line":137,"column":5}},"53":{"start":{"line":134,"column":6},"end":{"line":136,"column":9}},"54":{"start":{"line":139,"column":4},"end":{"line":139,"column":63}},"55":{"start":{"line":141,"column":4},"end":{"line":141,"column":14}},"56":{"start":{"line":145,"column":0},"end":{"line":174,"column":3}},"57":{"start":{"line":146,"column":33},"end":{"line":146,"column":41}},"58":{"start":{"line":148,"column":2},"end":{"line":152,"column":3}},"59":{"start":{"line":149,"column":4},"end":{"line":151,"column":7}},"60":{"start":{"line":154,"column":1},"end":{"line":173,"column":3}},"61":{"start":{"line":155,"column":21},"end":{"line":158,"column":5}},"62":{"start":{"line":160,"column":4},"end":{"line":160,"column":42}},"63":{"start":{"line":162,"column":4},"end":{"line":165,"column":7}},"64":{"start":{"line":167,"column":4},"end":{"line":171,"column":5}},"65":{"start":{"line":168,"column":6},"end":{"line":170,"column":9}},"66":{"start":{"line":172,"column":4},"end":{"line":172,"column":14}},"67":{"start":{"line":176,"column":0},"end":{"line":229,"column":3}},"68":{"start":{"line":177,"column":20},"end":{"line":177,"column":33}},"69":{"start":{"line":178,"column":23},"end":{"line":178,"column":31}},"70":{"start":{"line":179,"column":21},"end":{"line":179,"column":47}},"71":{"start":{"line":181,"column":2},"end":{"line":228,"column":3}},"72":{"start":{"line":182,"column":4},"end":{"line":182,"column":40}},"73":{"start":{"line":184,"column":25},"end":{"line":187,"column":5}},"74":{"start":{"line":189,"column":4},"end":{"line":194,"column":5}},"75":{"start":{"line":190,"column":6},"end":{"line":190,"column":34}},"76":{"start":{"line":191,"column":6},"end":{"line":193,"column":9}},"77":{"start":{"line":196,"column":4},"end":{"line":201,"column":5}},"78":{"start":{"line":197,"column":6},"end":{"line":197,"column":34}},"79":{"start":{"line":198,"column":6},"end":{"line":200,"column":9}},"80":{"start":{"line":203,"column":4},"end":{"line":206,"column":6}},"81":{"start":{"line":208,"column":4},"end":{"line":211,"column":6}},"82":{"start":{"line":213,"column":4},"end":{"line":213,"column":30}},"83":{"start":{"line":214,"column":4},"end":{"line":214,"column":57}},"84":{"start":{"line":216,"column":4},"end":{"line":216,"column":32}},"85":{"start":{"line":217,"column":4},"end":{"line":224,"column":5}},"86":{"start":{"line":218,"column":6},"end":{"line":223,"column":9}},"87":{"start":{"line":225,"column":4},"end":{"line":225,"column":14}},"88":{"start":{"line":227,"column":4},"end":{"line":227,"column":25}},"89":{"start":{"line":232,"column":0},"end":{"line":253,"column":3}},"90":{"start":{"line":233,"column":13},"end":{"line":233,"column":34}},"91":{"start":{"line":234,"column":26},"end":{"line":234,"column":34}},"92":{"start":{"line":235,"column":18},"end":{"line":235,"column":51}},"93":{"start":{"line":235,"column":39},"end":{"line":235,"column":50}},"94":{"start":{"line":237,"column":2},"end":{"line":241,"column":3}},"95":{"start":{"line":238,"column":4},"end":{"line":240,"column":7}},"96":{"start":{"line":243,"column":2},"end":{"line":247,"column":3}},"97":{"start":{"line":244,"column":4},"end":{"line":246,"column":7}},"98":{"start":{"line":249,"column":2},"end":{"line":249,"column":22}},"99":{"start":{"line":250,"column":2},"end":{"line":250,"column":24}},"100":{"start":{"line":252,"column":2},"end":{"line":252,"column":72}},"101":{"start":{"line":256,"column":0},"end":{"line":273,"column":3}},"102":{"start":{"line":257,"column":13},"end":{"line":257,"column":34}},"103":{"start":{"line":258,"column":18},"end":{"line":258,"column":51}},"104":{"start":{"line":258,"column":39},"end":{"line":258,"column":50}},"105":{"start":{"line":260,"column":2},"end":{"line":264,"column":3}},"106":{"start":{"line":261,"column":4},"end":{"line":263,"column":7}},"107":{"start":{"line":267,"column":33},"end":{"line":267,"column":41}},"108":{"start":{"line":268,"column":2},"end":{"line":268,"column":46}},"109":{"start":{"line":268,"column":26},"end":{"line":268,"column":46}},"110":{"start":{"line":269,"column":2},"end":{"line":269,"column":49}},"111":{"start":{"line":269,"column":27},"end":{"line":269,"column":49}},"112":{"start":{"line":270,"column":2},"end":{"line":270,"column":49}},"113":{"start":{"line":270,"column":27},"end":{"line":270,"column":49}},"114":{"start":{"line":272,"column":2},"end":{"line":272,"column":72}},"115":{"start":{"line":276,"column":45},"end":{"line":276,"column":74}},"116":{"start":{"line":278,"column":0},"end":{"line":297,"column":2}},"117":{"start":{"line":283,"column":4},"end":{"line":295,"column":5}},"118":{"start":{"line":284,"column":23},"end":{"line":286,"column":8}},"119":{"start":{"line":287,"column":6},"end":{"line":291,"column":7}},"120":{"start":{"line":288,"column":8},"end":{"line":290,"column":11}},"121":{"start":{"line":292,"column":6},"end":{"line":292,"column":58}},"122":{"start":{"line":294,"column":6},"end":{"line":294,"column":16}},"123":{"start":{"line":300,"column":0},"end":{"line":302,"column":3}},"124":{"start":{"line":301,"column":2},"end":{"line":301,"column":62}},"125":{"start":{"line":309,"column":4},"end":{"line":309,"column":29}},"126":{"start":{"line":311,"column":0},"end":{"line":342,"column":3}},"127":{"start":{"line":312,"column":30},"end":{"line":312,"column":38}},"128":{"start":{"line":314,"column":2},"end":{"line":321,"column":3}},"129":{"start":{"line":315,"column":4},"end":{"line":320,"column":7}},"130":{"start":{"line":323,"column":2},"end":{"line":341,"column":3}},"131":{"start":{"line":324,"column":25},"end":{"line":324,"column":53}},"132":{"start":{"line":325,"column":21},"end":{"line":328,"column":5}},"133":{"start":{"line":330,"column":4},"end":{"line":333,"column":7}},"134":{"start":{"line":335,"column":4},"end":{"line":339,"column":5}},"135":{"start":{"line":336,"column":6},"end":{"line":338,"column":9}},"136":{"start":{"line":340,"column":4},"end":{"line":340,"column":14}},"137":{"start":{"line":344,"column":0},"end":{"line":387,"column":3}},"138":{"start":{"line":345,"column":30},"end":{"line":345,"column":38}},"139":{"start":{"line":347,"column":2},"end":{"line":354,"column":3}},"140":{"start":{"line":348,"column":4},"end":{"line":353,"column":7}},"141":{"start":{"line":356,"column":2},"end":{"line":386,"column":3}},"142":{"start":{"line":357,"column":19},"end":{"line":359,"column":6}},"143":{"start":{"line":361,"column":4},"end":{"line":368,"column":5}},"144":{"start":{"line":362,"column":6},"end":{"line":367,"column":9}},"145":{"start":{"line":370,"column":17},"end":{"line":370,"column":24}},"146":{"start":{"line":371,"column":28},"end":{"line":371,"column":78}},"147":{"start":{"line":373,"column":4},"end":{"line":380,"column":5}},"148":{"start":{"line":374,"column":6},"end":{"line":379,"column":9}},"149":{"start":{"line":382,"column":18},"end":{"line":382,"column":37}},"150":{"start":{"line":383,"column":4},"end":{"line":383,"column":66}},"151":{"start":{"line":385,"column":4},"end":{"line":385,"column":14}},"152":{"start":{"line":390,"column":0},"end":{"line":394,"column":3}},"153":{"start":{"line":391,"column":2},"end":{"line":393,"column":5}},"154":{"start":{"line":397,"column":0},"end":{"line":408,"column":3}},"155":{"start":{"line":398,"column":2},"end":{"line":398,"column":27}},"156":{"start":{"line":401,"column":21},"end":{"line":401,"column":56}},"157":{"start":{"line":402,"column":2},"end":{"line":407,"column":5}},"158":{"start":{"line":410,"column":0},"end":{"line":410,"column":21}}},"fnMap":{"0":{"name":"requireJson","decl":{"start":{"line":17,"column":9},"end":{"line":17,"column":20}},"loc":{"start":{"line":17,"column":37},"end":{"line":31,"column":1}},"line":17},"1":{"name":"(anonymous_1)","decl":{"start":{"line":58,"column":13},"end":{"line":58,"column":14}},"loc":{"start":{"line":58,"column":27},"end":{"line":60,"column":1}},"line":58},"2":{"name":"(anonymous_2)","decl":{"start":{"line":68,"column":2},"end":{"line":68,"column":3}},"loc":{"start":{"line":68,"column":28},"end":{"line":104,"column":3}},"line":68},"3":{"name":"(anonymous_3)","decl":{"start":{"line":114,"column":26},"end":{"line":114,"column":27}},"loc":{"start":{"line":114,"column":52},"end":{"line":122,"column":1}},"line":114},"4":{"name":"(anonymous_4)","decl":{"start":{"line":127,"column":32},"end":{"line":127,"column":33}},"loc":{"start":{"line":127,"column":58},"end":{"line":143,"column":1}},"line":127},"5":{"name":"(anonymous_5)","decl":{"start":{"line":145,"column":29},"end":{"line":145,"column":30}},"loc":{"start":{"line":145,"column":55},"end":{"line":174,"column":1}},"line":145},"6":{"name":"(anonymous_6)","decl":{"start":{"line":176,"column":45},"end":{"line":176,"column":46}},"loc":{"start":{"line":176,"column":71},"end":{"line":229,"column":1}},"line":176},"7":{"name":"(anonymous_7)","decl":{"start":{"line":232,"column":32},"end":{"line":232,"column":33}},"loc":{"start":{"line":232,"column":46},"end":{"line":253,"column":1}},"line":232},"8":{"name":"(anonymous_8)","decl":{"start":{"line":235,"column":32},"end":{"line":235,"column":33}},"loc":{"start":{"line":235,"column":39},"end":{"line":235,"column":50}},"line":235},"9":{"name":"(anonymous_9)","decl":{"start":{"line":256,"column":34},"end":{"line":256,"column":35}},"loc":{"start":{"line":256,"column":48},"end":{"line":273,"column":1}},"line":256},"10":{"name":"(anonymous_10)","decl":{"start":{"line":258,"column":32},"end":{"line":258,"column":33}},"loc":{"start":{"line":258,"column":39},"end":{"line":258,"column":50}},"line":258},"11":{"name":"(anonymous_11)","decl":{"start":{"line":282,"column":2},"end":{"line":282,"column":3}},"loc":{"start":{"line":282,"column":28},"end":{"line":296,"column":3}},"line":282},"12":{"name":"(anonymous_12)","decl":{"start":{"line":300,"column":46},"end":{"line":300,"column":47}},"loc":{"start":{"line":300,"column":60},"end":{"line":302,"column":1}},"line":300},"13":{"name":"(anonymous_13)","decl":{"start":{"line":311,"column":34},"end":{"line":311,"column":35}},"loc":{"start":{"line":311,"column":60},"end":{"line":342,"column":1}},"line":311},"14":{"name":"(anonymous_14)","decl":{"start":{"line":344,"column":31},"end":{"line":344,"column":32}},"loc":{"start":{"line":344,"column":57},"end":{"line":387,"column":1}},"line":344},"15":{"name":"(anonymous_15)","decl":{"start":{"line":390,"column":8},"end":{"line":390,"column":9}},"loc":{"start":{"line":390,"column":22},"end":{"line":394,"column":1}},"line":390},"16":{"name":"(anonymous_16)","decl":{"start":{"line":397,"column":8},"end":{"line":397,"column":9}},"loc":{"start":{"line":397,"column":33},"end":{"line":408,"column":1}},"line":397}},"branchMap":{"0":{"loc":{"start":{"line":19,"column":2},"end":{"line":29,"column":3}},"type":"if","locations":[{"start":{"line":19,"column":2},"end":{"line":29,"column":3}},{"start":{},"end":{}}],"line":19},"1":{"loc":{"start":{"line":20,"column":4},"end":{"line":21,"column":54}},"type":"binary-expr","locations":[{"start":{"line":20,"column":4},"end":{"line":20,"column":40}},{"start":{"line":21,"column":4},"end":{"line":21,"column":54}}],"line":20},"2":{"loc":{"start":{"line":77,"column":4},"end":{"line":81,"column":5}},"type":"if","locations":[{"start":{"line":77,"column":4},"end":{"line":81,"column":5}},{"start":{},"end":{}}],"line":77},"3":{"loc":{"start":{"line":133,"column":4},"end":{"line":137,"column":5}},"type":"if","locations":[{"start":{"line":133,"column":4},"end":{"line":137,"column":5}},{"start":{},"end":{}}],"line":133},"4":{"loc":{"start":{"line":148,"column":2},"end":{"line":152,"column":3}},"type":"if","locations":[{"start":{"line":148,"column":2},"end":{"line":152,"column":3}},{"start":{},"end":{}}],"line":148},"5":{"loc":{"start":{"line":148,"column":6},"end":{"line":148,"column":31}},"type":"binary-expr","locations":[{"start":{"line":148,"column":6},"end":{"line":148,"column":11}},{"start":{"line":148,"column":15},"end":{"line":148,"column":21}},{"start":{"line":148,"column":25},"end":{"line":148,"column":31}}],"line":148},"6":{"loc":{"start":{"line":167,"column":4},"end":{"line":171,"column":5}},"type":"if","locations":[{"start":{"line":167,"column":4},"end":{"line":171,"column":5}},{"start":{},"end":{}}],"line":167},"7":{"loc":{"start":{"line":189,"column":4},"end":{"line":194,"column":5}},"type":"if","locations":[{"start":{"line":189,"column":4},"end":{"line":194,"column":5}},{"start":{},"end":{}}],"line":189},"8":{"loc":{"start":{"line":196,"column":4},"end":{"line":201,"column":5}},"type":"if","locations":[{"start":{"line":196,"column":4},"end":{"line":201,"column":5}},{"start":{},"end":{}}],"line":196},"9":{"loc":{"start":{"line":217,"column":4},"end":{"line":224,"column":5}},"type":"if","locations":[{"start":{"line":217,"column":4},"end":{"line":224,"column":5}},{"start":{},"end":{}}],"line":217},"10":{"loc":{"start":{"line":237,"column":2},"end":{"line":241,"column":3}},"type":"if","locations":[{"start":{"line":237,"column":2},"end":{"line":241,"column":3}},{"start":{},"end":{}}],"line":237},"11":{"loc":{"start":{"line":243,"column":2},"end":{"line":247,"column":3}},"type":"if","locations":[{"start":{"line":243,"column":2},"end":{"line":247,"column":3}},{"start":{},"end":{}}],"line":243},"12":{"loc":{"start":{"line":243,"column":6},"end":{"line":243,"column":21}},"type":"binary-expr","locations":[{"start":{"line":243,"column":6},"end":{"line":243,"column":11}},{"start":{"line":243,"column":15},"end":{"line":243,"column":21}}],"line":243},"13":{"loc":{"start":{"line":260,"column":2},"end":{"line":264,"column":3}},"type":"if","locations":[{"start":{"line":260,"column":2},"end":{"line":264,"column":3}},{"start":{},"end":{}}],"line":260},"14":{"loc":{"start":{"line":268,"column":2},"end":{"line":268,"column":46}},"type":"if","locations":[{"start":{"line":268,"column":2},"end":{"line":268,"column":46}},{"start":{},"end":{}}],"line":268},"15":{"loc":{"start":{"line":269,"column":2},"end":{"line":269,"column":49}},"type":"if","locations":[{"start":{"line":269,"column":2},"end":{"line":269,"column":49}},{"start":{},"end":{}}],"line":269},"16":{"loc":{"start":{"line":270,"column":2},"end":{"line":270,"column":49}},"type":"if","locations":[{"start":{"line":270,"column":2},"end":{"line":270,"column":49}},{"start":{},"end":{}}],"line":270},"17":{"loc":{"start":{"line":287,"column":6},"end":{"line":291,"column":7}},"type":"if","locations":[{"start":{"line":287,"column":6},"end":{"line":291,"column":7}},{"start":{},"end":{}}],"line":287},"18":{"loc":{"start":{"line":314,"column":2},"end":{"line":321,"column":3}},"type":"if","locations":[{"start":{"line":314,"column":2},"end":{"line":321,"column":3}},{"start":{},"end":{}}],"line":314},"19":{"loc":{"start":{"line":314,"column":6},"end":{"line":314,"column":25}},"type":"binary-expr","locations":[{"start":{"line":314,"column":6},"end":{"line":314,"column":12}},{"start":{"line":314,"column":16},"end":{"line":314,"column":25}}],"line":314},"20":{"loc":{"start":{"line":335,"column":4},"end":{"line":339,"column":5}},"type":"if","locations":[{"start":{"line":335,"column":4},"end":{"line":339,"column":5}},{"start":{},"end":{}}],"line":335},"21":{"loc":{"start":{"line":347,"column":2},"end":{"line":354,"column":3}},"type":"if","locations":[{"start":{"line":347,"column":2},"end":{"line":354,"column":3}},{"start":{},"end":{}}],"line":347},"22":{"loc":{"start":{"line":347,"column":6},"end":{"line":347,"column":25}},"type":"binary-expr","locations":[{"start":{"line":347,"column":6},"end":{"line":347,"column":12}},{"start":{"line":347,"column":16},"end":{"line":347,"column":25}}],"line":347},"23":{"loc":{"start":{"line":361,"column":4},"end":{"line":368,"column":5}},"type":"if","locations":[{"start":{"line":361,"column":4},"end":{"line":368,"column":5}},{"start":{},"end":{}}],"line":361},"24":{"loc":{"start":{"line":373,"column":4},"end":{"line":380,"column":5}},"type":"if","locations":[{"start":{"line":373,"column":4},"end":{"line":380,"column":5}},{"start":{},"end":{}}],"line":373},"25":{"loc":{"start":{"line":401,"column":21},"end":{"line":401,"column":56}},"type":"binary-expr","locations":[{"start":{"line":401,"column":21},"end":{"line":401,"column":31}},{"start":{"line":401,"column":35},"end":{"line":401,"column":49}},{"start":{"line":401,"column":53},"end":{"line":401,"column":56}}],"line":401},"26":{"loc":{"start":{"line":404,"column":12},"end":{"line":404,"column":78}},"type":"cond-expr","locations":[{"start":{"line":404,"column":33},"end":{"line":404,"column":56}},{"start":{"line":404,"column":59},"end":{"line":404,"column":78}}],"line":404},"27":{"loc":{"start":{"line":404,"column":59},"end":{"line":404,"column":78}},"type":"binary-expr","locations":[{"start":{"line":404,"column":59},"end":{"line":404,"column":67}},{"start":{"line":404,"column":71},"end":{"line":404,"column":78}}],"line":404},"28":{"loc":{"start":{"line":405,"column":15},"end":{"line":405,"column":87}},"type":"cond-expr","locations":[{"start":{"line":405,"column":36},"end":{"line":405,"column":73}},{"start":{"line":405,"column":76},"end":{"line":405,"column":87}}],"line":405}},"s":{"0":3,"1":3,"2":3,"3":3,"4":3,"5":3,"6":3,"7":3,"8":3,"9":3,"10":3,"11":14,"12":14,"13":0,"14":14,"15":3,"16":3,"17":3,"18":3,"19":3,"20":3,"21":3,"22":0,"23":3,"24":3,"25":0,"26":0,"27":0,"28":0,"29":0,"30":0,"31":0,"32":0,"33":0,"34":0,"35":0,"36":0,"37":0,"38":0,"39":0,"40":0,"41":3,"42":3,"43":3,"44":0,"45":0,"46":0,"47":0,"48":3,"49":3,"50":0,"51":0,"52":0,"53":0,"54":0,"55":0,"56":3,"57":0,"58":0,"59":0,"60":0,"61":0,"62":0,"63":0,"64":0,"65":0,"66":0,"67":3,"68":0,"69":0,"70":0,"71":0,"72":0,"73":0,"74":0,"75":0,"76":0,"77":0,"78":0,"79":0,"80":0,"81":0,"82":0,"83":0,"84":0,"85":0,"86":0,"87":0,"88":0,"89":3,"90":0,"91":0,"92":0,"93":0,"94":0,"95":0,"96":0,"97":0,"98":0,"99":0,"100":0,"101":3,"102":0,"103":0,"104":0,"105":0,"106":0,"107":0,"108":0,"109":0,"110":0,"111":0,"112":0,"113":0,"114":0,"115":3,"116":3,"117":0,"118":0,"119":0,"120":0,"121":0,"122":0,"123":3,"124":1,"125":3,"126":3,"127":5,"128":5,"129":1,"130":4,"131":4,"132":4,"133":3,"134":1,"135":1,"136":0,"137":3,"138":5,"139":5,"140":0,"141":5,"142":5,"143":4,"144":2,"145":2,"146":2,"147":2,"148":0,"149":2,"150":2,"151":1,"152":3,"153":0,"154":3,"155":1,"156":1,"157":1,"158":3},"f":{"0":14,"1":0,"2":0,"3":0,"4":0,"5":0,"6":0,"7":0,"8":0,"9":0,"10":0,"11":0,"12":1,"13":5,"14":5,"15":0,"16":1},"b":{"0":[0,14],"1":[14,10],"2":[0,0],"3":[0,0],"4":[0,0],"5":[0,0,0],"6":[0,0],"7":[0,0],"8":[0,0],"9":[0,0],"10":[0,0],"11":[0,0],"12":[0,0],"13":[0,0],"14":[0,0],"15":[0,0],"16":[0,0],"17":[0,0],"18":[1,4],"19":[5,5],"20":[1,0],"21":[0,5],"22":[5,5],"23":[2,2],"24":[0,2],"25":[1,1,1],"26":[1,0],"27":[0,0],"28":[1,0]},"_coverageSchema":"1a1c01bbd47fc00a2c39e90264f33305004495a9","hash":"28f57bd70d39b0d3e2c053e40eb19fa65fe5aeab"}
,"C:\\Users\\DMI\\Downloads\\student-api Origin\\auth-helpers.js": {"path":"C:\\Users\\DMI\\Downloads\\student-api Origin\\auth-helpers.js","statementMap":{"0":{"start":{"line":1,"column":15},"end":{"line":1,"column":32}},"1":{"start":{"line":2,"column":12},"end":{"line":2,"column":35}},"2":{"start":{"line":4,"column":20},"end":{"line":4,"column":22}},"3":{"start":{"line":7,"column":2},"end":{"line":7,"column":55}},"4":{"start":{"line":11,"column":2},"end":{"line":11,"column":61}},"5":{"start":{"line":15,"column":2},"end":{"line":19,"column":4}},"6":{"start":{"line":22,"column":0},"end":{"line":22,"column":65}}},"fnMap":{"0":{"name":"hashPassword","decl":{"start":{"line":6,"column":15},"end":{"line":6,"column":27}},"loc":{"start":{"line":6,"column":43},"end":{"line":8,"column":1}},"line":6},"1":{"name":"verifyPassword","decl":{"start":{"line":10,"column":15},"end":{"line":10,"column":29}},"loc":{"start":{"line":10,"column":61},"end":{"line":12,"column":1}},"line":10},"2":{"name":"generateToken","decl":{"start":{"line":14,"column":9},"end":{"line":14,"column":22}},"loc":{"start":{"line":14,"column":29},"end":{"line":20,"column":1}},"line":14}},"branchMap":{},"s":{"0":4,"1":4,"2":4,"3":8,"4":4,"5":4,"6":4},"f":{"0":8,"1":4,"2":4},"b":{},"_coverageSchema":"1a1c01bbd47fc00a2c39e90264f33305004495a9","hash":"de0cdfb1709145ee09fcea665905764f691d17b2"}
,"C:\\Users\\DMI\\Downloads\\student-api Origin\\db.js": {"path":"C:\\Users\\DMI\\Downloads\\student-api Origin\\db.js","statementMap":{"0":{"start":{"line":1,"column":14},"end":{"line":1,"column":39}},"1":{"start":{"line":3,"column":13},"end":{"line":12,"column":2}},"2":{"start":{"line":14,"column":0},"end":{"line":14,"column":22}}},"fnMap":{},"branchMap":{},"s":{"0":3,"1":3,"2":3},"f":{},"b":{},"_coverageSchema":"1a1c01bbd47fc00a2c39e90264f33305004495a9","hash":"365cecd2738179cefcff19564307259c82c4bc02"}
,"C:\\Users\\DMI\\Downloads\\student-api Origin\\resolvers.js": {"path":"C:\\Users\\DMI\\Downloads\\student-api Origin\\resolvers.js","statementMap":{"0":{"start":{"line":1,"column":15},"end":{"line":18,"column":1}},"1":{"start":{"line":20,"column":14},"end":{"line":23,"column":1}},"2":{"start":{"line":25,"column":20},"end":{"line":25,"column":21}},"3":{"start":{"line":28,"column":2},"end":{"line":31,"column":4}},"4":{"start":{"line":30,"column":35},"end":{"line":30,"column":67}},"5":{"start":{"line":34,"column":13},"end":{"line":121,"column":1}},"6":{"start":{"line":37,"column":20},"end":{"line":37,"column":61}},"7":{"start":{"line":37,"column":41},"end":{"line":37,"column":60}},"8":{"start":{"line":38,"column":4},"end":{"line":38,"column":52}},"9":{"start":{"line":42,"column":17},"end":{"line":42,"column":25}},"10":{"start":{"line":44,"column":4},"end":{"line":46,"column":5}},"11":{"start":{"line":45,"column":6},"end":{"line":45,"column":55}},"12":{"start":{"line":45,"column":36},"end":{"line":45,"column":53}},"13":{"start":{"line":48,"column":4},"end":{"line":50,"column":5}},"14":{"start":{"line":49,"column":6},"end":{"line":49,"column":72}},"15":{"start":{"line":49,"column":42},"end":{"line":49,"column":70}},"16":{"start":{"line":52,"column":4},"end":{"line":52,"column":38}},"17":{"start":{"line":55,"column":22},"end":{"line":55,"column":37}},"18":{"start":{"line":57,"column":22},"end":{"line":57,"column":70}},"19":{"start":{"line":57,"column":42},"end":{"line":57,"column":61}},"20":{"start":{"line":60,"column":4},"end":{"line":62,"column":5}},"21":{"start":{"line":61,"column":6},"end":{"line":61,"column":21}},"22":{"start":{"line":63,"column":4},"end":{"line":63,"column":56}},"23":{"start":{"line":63,"column":33},"end":{"line":63,"column":54}},"24":{"start":{"line":67,"column":25},"end":{"line":67,"column":46}},"25":{"start":{"line":68,"column":4},"end":{"line":74,"column":27}},"26":{"start":{"line":71,"column":10},"end":{"line":72,"column":54}},"27":{"start":{"line":79,"column":23},"end":{"line":86,"column":5}},"28":{"start":{"line":87,"column":4},"end":{"line":87,"column":30}},"29":{"start":{"line":88,"column":4},"end":{"line":88,"column":38}},"30":{"start":{"line":93,"column":20},"end":{"line":93,"column":61}},"31":{"start":{"line":93,"column":41},"end":{"line":93,"column":60}},"32":{"start":{"line":95,"column":4},"end":{"line":97,"column":5}},"33":{"start":{"line":96,"column":6},"end":{"line":96,"column":18}},"34":{"start":{"line":99,"column":4},"end":{"line":99,"column":60}},"35":{"start":{"line":99,"column":34},"end":{"line":99,"column":60}},"36":{"start":{"line":100,"column":4},"end":{"line":100,"column":63}},"37":{"start":{"line":100,"column":35},"end":{"line":100,"column":63}},"38":{"start":{"line":101,"column":4},"end":{"line":101,"column":63}},"39":{"start":{"line":101,"column":35},"end":{"line":101,"column":63}},"40":{"start":{"line":102,"column":4},"end":{"line":102,"column":63}},"41":{"start":{"line":102,"column":35},"end":{"line":102,"column":63}},"42":{"start":{"line":103,"column":4},"end":{"line":105,"column":5}},"43":{"start":{"line":104,"column":6},"end":{"line":104,"column":54}},"44":{"start":{"line":107,"column":4},"end":{"line":107,"column":35}},"45":{"start":{"line":112,"column":18},"end":{"line":112,"column":64}},"46":{"start":{"line":112,"column":44},"end":{"line":112,"column":63}},"47":{"start":{"line":114,"column":4},"end":{"line":116,"column":5}},"48":{"start":{"line":115,"column":6},"end":{"line":115,"column":76}},"49":{"start":{"line":118,"column":4},"end":{"line":118,"column":30}},"50":{"start":{"line":119,"column":4},"end":{"line":119,"column":64}},"51":{"start":{"line":123,"column":0},"end":{"line":123,"column":22}}},"fnMap":{"0":{"name":"resolveStudent","decl":{"start":{"line":27,"column":9},"end":{"line":27,"column":23}},"loc":{"start":{"line":27,"column":33},"end":{"line":32,"column":1}},"line":27},"1":{"name":"(anonymous_1)","decl":{"start":{"line":30,"column":28},"end":{"line":30,"column":29}},"loc":{"start":{"line":30,"column":35},"end":{"line":30,"column":67}},"line":30},"2":{"name":"(anonymous_2)","decl":{"start":{"line":36,"column":11},"end":{"line":36,"column":12}},"loc":{"start":{"line":36,"column":23},"end":{"line":39,"column":3}},"line":36},"3":{"name":"(anonymous_3)","decl":{"start":{"line":37,"column":34},"end":{"line":37,"column":35}},"loc":{"start":{"line":37,"column":41},"end":{"line":37,"column":60}},"line":37},"4":{"name":"(anonymous_4)","decl":{"start":{"line":41,"column":12},"end":{"line":41,"column":13}},"loc":{"start":{"line":41,"column":35},"end":{"line":53,"column":3}},"line":41},"5":{"name":"(anonymous_5)","decl":{"start":{"line":45,"column":29},"end":{"line":45,"column":30}},"loc":{"start":{"line":45,"column":36},"end":{"line":45,"column":53}},"line":45},"6":{"name":"(anonymous_6)","decl":{"start":{"line":49,"column":32},"end":{"line":49,"column":33}},"loc":{"start":{"line":49,"column":42},"end":{"line":49,"column":70}},"line":49},"7":{"name":"(anonymous_7)","decl":{"start":{"line":55,"column":16},"end":{"line":55,"column":17}},"loc":{"start":{"line":55,"column":22},"end":{"line":55,"column":37}},"line":55},"8":{"name":"(anonymous_8)","decl":{"start":{"line":57,"column":10},"end":{"line":57,"column":11}},"loc":{"start":{"line":57,"column":22},"end":{"line":57,"column":70}},"line":57},"9":{"name":"(anonymous_9)","decl":{"start":{"line":57,"column":35},"end":{"line":57,"column":36}},"loc":{"start":{"line":57,"column":42},"end":{"line":57,"column":61}},"line":57},"10":{"name":"(anonymous_10)","decl":{"start":{"line":59,"column":11},"end":{"line":59,"column":12}},"loc":{"start":{"line":59,"column":30},"end":{"line":64,"column":3}},"line":59},"11":{"name":"(anonymous_11)","decl":{"start":{"line":63,"column":26},"end":{"line":63,"column":27}},"loc":{"start":{"line":63,"column":33},"end":{"line":63,"column":54}},"line":63},"12":{"name":"(anonymous_12)","decl":{"start":{"line":66,"column":18},"end":{"line":66,"column":19}},"loc":{"start":{"line":66,"column":35},"end":{"line":75,"column":3}},"line":66},"13":{"name":"(anonymous_13)","decl":{"start":{"line":70,"column":8},"end":{"line":70,"column":9}},"loc":{"start":{"line":71,"column":10},"end":{"line":72,"column":54}},"line":71},"14":{"name":"(anonymous_14)","decl":{"start":{"line":78,"column":17},"end":{"line":78,"column":18}},"loc":{"start":{"line":78,"column":32},"end":{"line":89,"column":3}},"line":78},"15":{"name":"(anonymous_15)","decl":{"start":{"line":92,"column":17},"end":{"line":92,"column":18}},"loc":{"start":{"line":92,"column":36},"end":{"line":108,"column":3}},"line":92},"16":{"name":"(anonymous_16)","decl":{"start":{"line":93,"column":34},"end":{"line":93,"column":35}},"loc":{"start":{"line":93,"column":41},"end":{"line":93,"column":60}},"line":93},"17":{"name":"(anonymous_17)","decl":{"start":{"line":111,"column":17},"end":{"line":111,"column":18}},"loc":{"start":{"line":111,"column":29},"end":{"line":120,"column":3}},"line":111},"18":{"name":"(anonymous_18)","decl":{"start":{"line":112,"column":37},"end":{"line":112,"column":38}},"loc":{"start":{"line":112,"column":44},"end":{"line":112,"column":63}},"line":112}},"branchMap":{"0":{"loc":{"start":{"line":38,"column":11},"end":{"line":38,"column":51}},"type":"cond-expr","locations":[{"start":{"line":38,"column":21},"end":{"line":38,"column":44}},{"start":{"line":38,"column":47},"end":{"line":38,"column":51}}],"line":38},"1":{"loc":{"start":{"line":44,"column":4},"end":{"line":46,"column":5}},"type":"if","locations":[{"start":{"line":44,"column":4},"end":{"line":46,"column":5}},{"start":{},"end":{}}],"line":44},"2":{"loc":{"start":{"line":48,"column":4},"end":{"line":50,"column":5}},"type":"if","locations":[{"start":{"line":48,"column":4},"end":{"line":50,"column":5}},{"start":{},"end":{}}],"line":48},"3":{"loc":{"start":{"line":57,"column":22},"end":{"line":57,"column":70}},"type":"binary-expr","locations":[{"start":{"line":57,"column":22},"end":{"line":57,"column":62}},{"start":{"line":57,"column":66},"end":{"line":57,"column":70}}],"line":57},"4":{"loc":{"start":{"line":60,"column":4},"end":{"line":62,"column":5}},"type":"if","locations":[{"start":{"line":60,"column":4},"end":{"line":62,"column":5}},{"start":{},"end":{}}],"line":60},"5":{"loc":{"start":{"line":60,"column":8},"end":{"line":60,"column":53}},"type":"binary-expr","locations":[{"start":{"line":60,"column":8},"end":{"line":60,"column":31}},{"start":{"line":60,"column":35},"end":{"line":60,"column":53}}],"line":60},"6":{"loc":{"start":{"line":71,"column":10},"end":{"line":72,"column":54}},"type":"binary-expr","locations":[{"start":{"line":71,"column":10},"end":{"line":71,"column":53}},{"start":{"line":72,"column":10},"end":{"line":72,"column":54}}],"line":71},"7":{"loc":{"start":{"line":85,"column":18},"end":{"line":85,"column":39}},"type":"binary-expr","locations":[{"start":{"line":85,"column":18},"end":{"line":85,"column":33}},{"start":{"line":85,"column":37},"end":{"line":85,"column":39}}],"line":85},"8":{"loc":{"start":{"line":95,"column":4},"end":{"line":97,"column":5}},"type":"if","locations":[{"start":{"line":95,"column":4},"end":{"line":97,"column":5}},{"start":{},"end":{}}],"line":95},"9":{"loc":{"start":{"line":99,"column":4},"end":{"line":99,"column":60}},"type":"if","locations":[{"start":{"line":99,"column":4},"end":{"line":99,"column":60}},{"start":{},"end":{}}],"line":99},"10":{"loc":{"start":{"line":100,"column":4},"end":{"line":100,"column":63}},"type":"if","locations":[{"start":{"line":100,"column":4},"end":{"line":100,"column":63}},{"start":{},"end":{}}],"line":100},"11":{"loc":{"start":{"line":101,"column":4},"end":{"line":101,"column":63}},"type":"if","locations":[{"start":{"line":101,"column":4},"end":{"line":101,"column":63}},{"start":{},"end":{}}],"line":101},"12":{"loc":{"start":{"line":102,"column":4},"end":{"line":102,"column":63}},"type":"if","locations":[{"start":{"line":102,"column":4},"end":{"line":102,"column":63}},{"start":{},"end":{}}],"line":102},"13":{"loc":{"start":{"line":103,"column":4},"end":{"line":105,"column":5}},"type":"if","locations":[{"start":{"line":103,"column":4},"end":{"line":105,"column":5}},{"start":{},"end":{}}],"line":103},"14":{"loc":{"start":{"line":114,"column":4},"end":{"line":116,"column":5}},"type":"if","locations":[{"start":{"line":114,"column":4},"end":{"line":116,"column":5}},{"start":{},"end":{}}],"line":114}},"s":{"0":3,"1":3,"2":3,"3":0,"4":0,"5":3,"6":0,"7":0,"8":0,"9":0,"10":0,"11":0,"12":0,"13":0,"14":0,"15":0,"16":0,"17":0,"18":0,"19":0,"20":0,"21":0,"22":0,"23":0,"24":0,"25":0,"26":0,"27":0,"28":0,"29":0,"30":0,"31":0,"32":0,"33":0,"34":0,"35":0,"36":0,"37":0,"38":0,"39":0,"40":0,"41":0,"42":0,"43":0,"44":0,"45":0,"46":0,"47":0,"48":0,"49":0,"50":0,"51":3},"f":{"0":0,"1":0,"2":0,"3":0,"4":0,"5":0,"6":0,"7":0,"8":0,"9":0,"10":0,"11":0,"12":0,"13":0,"14":0,"15":0,"16":0,"17":0,"18":0},"b":{"0":[0,0],"1":[0,0],"2":[0,0],"3":[0,0],"4":[0,0],"5":[0,0],"6":[0,0],"7":[0,0],"8":[0,0],"9":[0,0],"10":[0,0],"11":[0,0],"12":[0,0],"13":[0,0],"14":[0,0]},"_coverageSchema":"1a1c01bbd47fc00a2c39e90264f33305004495a9","hash":"dca000156622499596a16abf25cc4d52a1f07a6e"}
,"C:\\Users\\DMI\\Downloads\\student-api Origin\\schema.js": {"path":"C:\\Users\\DMI\\Downloads\\student-api Origin\\schema.js","statementMap":{"0":{"start":{"line":1,"column":24},"end":{"line":1,"column":42}},"1":{"start":{"line":3,"column":15},"end":{"line":54,"column":2}},"2":{"start":{"line":56,"column":0},"end":{"line":56,"column":24}}},"fnMap":{},"branchMap":{},"s":{"0":3,"1":3,"2":3},"f":{},"b":{},"_coverageSchema":"1a1c01bbd47fc00a2c39e90264f33305004495a9","hash":"cf69d400a2fc5edefa00113314d55d219023c44c"}
,"C:\\Users\\DMI\\Downloads\\student-api Origin\\middlewares\\auth.js": {"path":"C:\\Users\\DMI\\Downloads\\student-api Origin\\middlewares\\auth.js","statementMap":{"0":{"start":{"line":1,"column":12},"end":{"line":1,"column":35}},"1":{"start":{"line":4,"column":21},"end":{"line":4,"column":49}},"2":{"start":{"line":5,"column":16},"end":{"line":5,"column":54}},"3":{"start":{"line":7,"column":2},"end":{"line":11,"column":3}},"4":{"start":{"line":8,"column":4},"end":{"line":10,"column":7}},"5":{"start":{"line":13,"column":2},"end":{"line":20,"column":3}},"6":{"start":{"line":14,"column":4},"end":{"line":14,"column":57}},"7":{"start":{"line":15,"column":4},"end":{"line":15,"column":11}},"8":{"start":{"line":17,"column":4},"end":{"line":19,"column":7}},"9":{"start":{"line":24,"column":2},"end":{"line":40,"column":4}},"10":{"start":{"line":25,"column":4},"end":{"line":29,"column":5}},"11":{"start":{"line":26,"column":6},"end":{"line":28,"column":9}},"12":{"start":{"line":31,"column":4},"end":{"line":38,"column":5}},"13":{"start":{"line":32,"column":6},"end":{"line":37,"column":9}},"14":{"start":{"line":39,"column":4},"end":{"line":39,"column":11}},"15":{"start":{"line":43,"column":0},"end":{"line":43,"column":54}}},"fnMap":{"0":{"name":"authenticateToken","decl":{"start":{"line":3,"column":9},"end":{"line":3,"column":26}},"loc":{"start":{"line":3,"column":43},"end":{"line":21,"column":1}},"line":3},"1":{"name":"authorizeRole","decl":{"start":{"line":23,"column":9},"end":{"line":23,"column":22}},"loc":{"start":{"line":23,"column":40},"end":{"line":41,"column":1}},"line":23},"2":{"name":"(anonymous_2)","decl":{"start":{"line":24,"column":9},"end":{"line":24,"column":10}},"loc":{"start":{"line":24,"column":29},"end":{"line":40,"column":3}},"line":24}},"branchMap":{"0":{"loc":{"start":{"line":5,"column":16},"end":{"line":5,"column":54}},"type":"binary-expr","locations":[{"start":{"line":5,"column":16},"end":{"line":5,"column":26}},{"start":{"line":5,"column":30},"end":{"line":5,"column":54}}],"line":5},"1":{"loc":{"start":{"line":7,"column":2},"end":{"line":11,"column":3}},"type":"if","locations":[{"start":{"line":7,"column":2},"end":{"line":11,"column":3}},{"start":{},"end":{}}],"line":7},"2":{"loc":{"start":{"line":25,"column":4},"end":{"line":29,"column":5}},"type":"if","locations":[{"start":{"line":25,"column":4},"end":{"line":29,"column":5}},{"start":{},"end":{}}],"line":25},"3":{"loc":{"start":{"line":31,"column":4},"end":{"line":38,"column":5}},"type":"if","locations":[{"start":{"line":31,"column":4},"end":{"line":38,"column":5}},{"start":{},"end":{}}],"line":31}},"s":{"0":3,"1":4,"2":4,"3":4,"4":1,"5":3,"6":3,"7":2,"8":1,"9":5,"10":3,"11":1,"12":2,"13":1,"14":1,"15":3},"f":{"0":4,"1":5,"2":3},"b":{"0":[4,3],"1":[1,3],"2":[1,2],"3":[1,1]},"_coverageSchema":"1a1c01bbd47fc00a2c39e90264f33305004495a9","hash":"2e0daa068cf1331365656aefbbf97b911dbab83c"}
,"C:\\Users\\DMI\\Downloads\\student-api Origin\\middlewares\\query-parser.js": {"path":"C:\\Users\\DMI\\Downloads\\student-api Origin\\middlewares\\query-parser.js","statementMap":{"0":{"start":{"line":2,"column":2},"end":{"line":5,"column":4}},"1":{"start":{"line":6,"column":2},"end":{"line":6,"column":75}},"2":{"start":{"line":7,"column":2},"end":{"line":7,"column":9}},"3":{"start":{"line":12,"column":28},"end":{"line":12,"column":65}},"4":{"start":{"line":15,"column":2},"end":{"line":18,"column":4}},"5":{"start":{"line":19,"column":2},"end":{"line":19,"column":9}},"6":{"start":{"line":22,"column":0},"end":{"line":22,"column":48}}},"fnMap":{"0":{"name":"parsePagination","decl":{"start":{"line":1,"column":9},"end":{"line":1,"column":24}},"loc":{"start":{"line":1,"column":41},"end":{"line":8,"column":1}},"line":1},"1":{"name":"parseSort","decl":{"start":{"line":14,"column":9},"end":{"line":14,"column":18}},"loc":{"start":{"line":14,"column":35},"end":{"line":20,"column":1}},"line":14}},"branchMap":{"0":{"loc":{"start":{"line":3,"column":22},"end":{"line":3,"column":51}},"type":"binary-expr","locations":[{"start":{"line":3,"column":22},"end":{"line":3,"column":46}},{"start":{"line":3,"column":50},"end":{"line":3,"column":51}}],"line":3},"1":{"loc":{"start":{"line":4,"column":25},"end":{"line":4,"column":56}},"type":"binary-expr","locations":[{"start":{"line":4,"column":25},"end":{"line":4,"column":50}},{"start":{"line":4,"column":54},"end":{"line":4,"column":56}}],"line":4},"2":{"loc":{"start":{"line":16,"column":11},"end":{"line":16,"column":79}},"type":"cond-expr","locations":[{"start":{"line":16,"column":58},"end":{"line":16,"column":72}},{"start":{"line":16,"column":75},"end":{"line":16,"column":79}}],"line":16},"3":{"loc":{"start":{"line":17,"column":11},"end":{"line":17,"column":54}},"type":"cond-expr","locations":[{"start":{"line":17,"column":40},"end":{"line":17,"column":46}},{"start":{"line":17,"column":49},"end":{"line":17,"column":54}}],"line":17}},"s":{"0":0,"1":0,"2":0,"3":3,"4":0,"5":0,"6":3},"f":{"0":0,"1":0},"b":{"0":[0,0],"1":[0,0],"2":[0,0],"3":[0,0]},"_coverageSchema":"1a1c01bbd47fc00a2c39e90264f33305004495a9","hash":"9c2c1eee0a92955feca921ec992a9473b7a9ff03"}
}
