TN:
SF:app.js
FN:17,requireJson
FN:58,(anonymous_1)
FN:68,(anonymous_2)
FN:114,(anonymous_3)
FN:127,(anonymous_4)
FN:145,(anonymous_5)
FN:176,(anonymous_6)
FN:232,(anonymous_7)
FN:235,(anonymous_8)
FN:256,(anonymous_9)
FN:258,(anonymous_10)
FN:282,(anonymous_11)
FN:300,(anonymous_12)
FN:311,(anonymous_13)
FN:344,(anonymous_14)
FN:390,(anonymous_15)
FN:397,(anonymous_16)
FNF:17
FNH:5
FNDA:14,requireJson
FNDA:0,(anonymous_1)
FNDA:0,(anonymous_2)
FNDA:0,(anonymous_3)
FNDA:0,(anonymous_4)
FNDA:0,(anonymous_5)
FNDA:0,(anonymous_6)
FNDA:0,(anonymous_7)
FNDA:0,(anonymous_8)
FNDA:0,(anonymous_9)
FNDA:0,(anonymous_10)
FNDA:0,(anonymous_11)
FNDA:1,(anonymous_12)
FNDA:5,(anonymous_13)
FNDA:5,(anonymous_14)
FNDA:0,(anonymous_15)
FNDA:1,(anonymous_16)
DA:1,3
DA:3,3
DA:4,3
DA:5,3
DA:6,3
DA:7,3
DA:8,3
DA:9,3
DA:10,3
DA:11,3
DA:14,3
DA:18,14
DA:19,14
DA:23,0
DA:30,14
DA:35,3
DA:36,3
DA:42,3
DA:43,3
DA:44,3
DA:47,3
DA:58,3
DA:59,0
DA:62,3
DA:64,3
DA:69,0
DA:70,0
DA:71,0
DA:73,0
DA:74,0
DA:75,0
DA:77,0
DA:78,0
DA:79,0
DA:80,0
DA:85,0
DA:87,0
DA:88,0
DA:89,0
DA:91,0
DA:102,0
DA:109,3
DA:112,3
DA:114,3
DA:115,0
DA:116,0
DA:118,0
DA:120,0
DA:124,3
DA:127,3
DA:128,0
DA:129,0
DA:133,0
DA:134,0
DA:139,0
DA:141,0
DA:145,3
DA:146,0
DA:148,0
DA:149,0
DA:154,0
DA:155,0
DA:160,0
DA:162,0
DA:167,0
DA:168,0
DA:172,0
DA:176,3
DA:177,0
DA:178,0
DA:179,0
DA:181,0
DA:182,0
DA:184,0
DA:189,0
DA:190,0
DA:191,0
DA:196,0
DA:197,0
DA:198,0
DA:203,0
DA:208,0
DA:213,0
DA:214,0
DA:216,0
DA:217,0
DA:218,0
DA:225,0
DA:227,0
DA:232,3
DA:233,0
DA:234,0
DA:235,0
DA:237,0
DA:238,0
DA:243,0
DA:244,0
DA:249,0
DA:250,0
DA:252,0
DA:256,3
DA:257,0
DA:258,0
DA:260,0
DA:261,0
DA:267,0
DA:268,0
DA:269,0
DA:270,0
DA:272,0
DA:276,3
DA:278,3
DA:283,0
DA:284,0
DA:287,0
DA:288,0
DA:292,0
DA:294,0
DA:300,3
DA:301,1
DA:309,3
DA:311,3
DA:312,5
DA:314,5
DA:315,1
DA:323,4
DA:324,4
DA:325,4
DA:330,3
DA:335,1
DA:336,1
DA:340,0
DA:344,3
DA:345,5
DA:347,5
DA:348,0
DA:356,5
DA:357,5
DA:361,4
DA:362,2
DA:370,2
DA:371,2
DA:373,2
DA:374,0
DA:382,2
DA:383,2
DA:385,1
DA:390,3
DA:391,0
DA:397,3
DA:398,1
DA:401,1
DA:402,1
DA:410,3
LF:154
LH:66
BRDA:19,0,0,0
BRDA:19,0,1,14
BRDA:20,1,0,14
BRDA:20,1,1,10
BRDA:77,2,0,0
BRDA:77,2,1,0
BRDA:133,3,0,0
BRDA:133,3,1,0
BRDA:148,4,0,0
BRDA:148,4,1,0
BRDA:148,5,0,0
BRDA:148,5,1,0
BRDA:148,5,2,0
BRDA:167,6,0,0
BRDA:167,6,1,0
BRDA:189,7,0,0
BRDA:189,7,1,0
BRDA:196,8,0,0
BRDA:196,8,1,0
BRDA:217,9,0,0
BRDA:217,9,1,0
BRDA:237,10,0,0
BRDA:237,10,1,0
BRDA:243,11,0,0
BRDA:243,11,1,0
BRDA:243,12,0,0
BRDA:243,12,1,0
BRDA:260,13,0,0
BRDA:260,13,1,0
BRDA:268,14,0,0
BRDA:268,14,1,0
BRDA:269,15,0,0
BRDA:269,15,1,0
BRDA:270,16,0,0
BRDA:270,16,1,0
BRDA:287,17,0,0
BRDA:287,17,1,0
BRDA:314,18,0,1
BRDA:314,18,1,4
BRDA:314,19,0,5
BRDA:314,19,1,5
BRDA:335,20,0,1
BRDA:335,20,1,0
BRDA:347,21,0,0
BRDA:347,21,1,5
BRDA:347,22,0,5
BRDA:347,22,1,5
BRDA:361,23,0,2
BRDA:361,23,1,2
BRDA:373,24,0,0
BRDA:373,24,1,2
BRDA:401,25,0,1
BRDA:401,25,1,1
BRDA:401,25,2,1
BRDA:404,26,0,1
BRDA:404,26,1,0
BRDA:404,27,0,0
BRDA:404,27,1,0
BRDA:405,28,0,1
BRDA:405,28,1,0
BRF:60
BRH:19
end_of_record
TN:
SF:auth-helpers.js
FN:6,hashPassword
FN:10,verifyPassword
FN:14,generateToken
FNF:3
FNH:3
FNDA:8,hashPassword
FNDA:4,verifyPassword
FNDA:4,generateToken
DA:1,4
DA:2,4
DA:4,4
DA:7,8
DA:11,4
DA:15,4
DA:22,4
LF:7
LH:7
BRF:0
BRH:0
end_of_record
TN:
SF:db.js
FNF:0
FNH:0
DA:1,3
DA:3,3
DA:14,3
LF:3
LH:3
BRF:0
BRH:0
end_of_record
TN:
SF:resolvers.js
FN:27,resolveStudent
FN:30,(anonymous_1)
FN:36,(anonymous_2)
FN:37,(anonymous_3)
FN:41,(anonymous_4)
FN:45,(anonymous_5)
FN:49,(anonymous_6)
FN:55,(anonymous_7)
FN:57,(anonymous_8)
FN:57,(anonymous_9)
FN:59,(anonymous_10)
FN:63,(anonymous_11)
FN:66,(anonymous_12)
FN:70,(anonymous_13)
FN:78,(anonymous_14)
FN:92,(anonymous_15)
FN:93,(anonymous_16)
FN:111,(anonymous_17)
FN:112,(anonymous_18)
FNF:19
FNH:0
FNDA:0,resolveStudent
FNDA:0,(anonymous_1)
FNDA:0,(anonymous_2)
FNDA:0,(anonymous_3)
FNDA:0,(anonymous_4)
FNDA:0,(anonymous_5)
FNDA:0,(anonymous_6)
FNDA:0,(anonymous_7)
FNDA:0,(anonymous_8)
FNDA:0,(anonymous_9)
FNDA:0,(anonymous_10)
FNDA:0,(anonymous_11)
FNDA:0,(anonymous_12)
FNDA:0,(anonymous_13)
FNDA:0,(anonymous_14)
FNDA:0,(anonymous_15)
FNDA:0,(anonymous_16)
FNDA:0,(anonymous_17)
FNDA:0,(anonymous_18)
DA:1,3
DA:20,3
DA:25,3
DA:28,0
DA:30,0
DA:34,3
DA:37,0
DA:38,0
DA:42,0
DA:44,0
DA:45,0
DA:48,0
DA:49,0
DA:52,0
DA:55,0
DA:57,0
DA:60,0
DA:61,0
DA:63,0
DA:67,0
DA:68,0
DA:71,0
DA:79,0
DA:87,0
DA:88,0
DA:93,0
DA:95,0
DA:96,0
DA:99,0
DA:100,0
DA:101,0
DA:102,0
DA:103,0
DA:104,0
DA:107,0
DA:112,0
DA:114,0
DA:115,0
DA:118,0
DA:119,0
DA:123,3
LF:41
LH:5
BRDA:38,0,0,0
BRDA:38,0,1,0
BRDA:44,1,0,0
BRDA:44,1,1,0
BRDA:48,2,0,0
BRDA:48,2,1,0
BRDA:57,3,0,0
BRDA:57,3,1,0
BRDA:60,4,0,0
BRDA:60,4,1,0
BRDA:60,5,0,0
BRDA:60,5,1,0
BRDA:71,6,0,0
BRDA:71,6,1,0
BRDA:85,7,0,0
BRDA:85,7,1,0
BRDA:95,8,0,0
BRDA:95,8,1,0
BRDA:99,9,0,0
BRDA:99,9,1,0
BRDA:100,10,0,0
BRDA:100,10,1,0
BRDA:101,11,0,0
BRDA:101,11,1,0
BRDA:102,12,0,0
BRDA:102,12,1,0
BRDA:103,13,0,0
BRDA:103,13,1,0
BRDA:114,14,0,0
BRDA:114,14,1,0
BRF:30
BRH:0
end_of_record
TN:
SF:schema.js
FNF:0
FNH:0
DA:1,3
DA:3,3
DA:56,3
LF:3
LH:3
BRF:0
BRH:0
end_of_record
TN:
SF:middlewares\auth.js
FN:3,authenticateToken
FN:23,authorizeRole
FN:24,(anonymous_2)
FNF:3
FNH:3
FNDA:4,authenticateToken
FNDA:5,authorizeRole
FNDA:3,(anonymous_2)
DA:1,3
DA:4,4
DA:5,4
DA:7,4
DA:8,1
DA:13,3
DA:14,3
DA:15,2
DA:17,1
DA:24,5
DA:25,3
DA:26,1
DA:31,2
DA:32,1
DA:39,1
DA:43,3
LF:16
LH:16
BRDA:5,0,0,4
BRDA:5,0,1,3
BRDA:7,1,0,1
BRDA:7,1,1,3
BRDA:25,2,0,1
BRDA:25,2,1,2
BRDA:31,3,0,1
BRDA:31,3,1,1
BRF:8
BRH:8
end_of_record
TN:
SF:middlewares\query-parser.js
FN:1,parsePagination
FN:14,parseSort
FNF:2
FNH:0
FNDA:0,parsePagination
FNDA:0,parseSort
DA:2,0
DA:6,0
DA:7,0
DA:12,3
DA:15,0
DA:19,0
DA:22,3
LF:7
LH:2
BRDA:3,0,0,0
BRDA:3,0,1,0
BRDA:4,1,0,0
BRDA:4,1,1,0
BRDA:16,2,0,0
BRDA:16,2,1,0
BRDA:17,3,0,0
BRDA:17,3,1,0
BRF:8
BRH:0
end_of_record
